<?xml version="1.0" encoding="UTF-8"?>
<testng-results ignored="6" total="8" passed="2" failed="0" skipped="0">
  <reporter-output>
  </reporter-output>
  <suite started-at="2023-04-16T04:17:55Z" name="Sanity" finished-at="2023-04-16T04:17:55Z" duration-ms="41">
    <groups>
      <group name="Sanity">
        <method signature="CreditCardTest.test4()[pri:0, instance:testcases.CreditCardTest@13d4992d]" name="test4" class="testcases.CreditCardTest"/>
        <method signature="HomeLoanTest.test2()[pri:0, instance:testcases.HomeLoanTest@5082d622]" name="test2" class="testcases.HomeLoanTest"/>
      </group> <!-- Sanity -->
    </groups>
    <test started-at="2023-04-16T04:17:55Z" name="Test" finished-at="2023-04-16T04:17:55Z" duration-ms="41">
      <class name="testcases.CarLoanTest">
        <test-method is-config="true" signature="method3()[pri:0, instance:testcases.CarLoanTest@418c5a9c]" started-at="2023-04-16T04:17:55Z" name="method3" finished-at="2023-04-16T04:17:55Z" duration-ms="11" status="PASS">
          <reporter-output>
          </reporter-output>
        </test-method> <!-- method3 -->
        <test-method is-config="true" signature="method4()[pri:0, instance:testcases.CarLoanTest@418c5a9c]" started-at="2023-04-16T04:17:55Z" name="method4" finished-at="2023-04-16T04:17:55Z" duration-ms="0" status="PASS">
          <reporter-output>
          </reporter-output>
        </test-method> <!-- method4 -->
      </class> <!-- testcases.CarLoanTest -->
      <class name="testcases.CreditCardTest">
        <test-method signature="test4()[pri:0, instance:testcases.CreditCardTest@13d4992d]" started-at="2023-04-16T04:17:55Z" name="test4" finished-at="2023-04-16T04:17:55Z" duration-ms="1" status="PASS">
          <reporter-output>
          </reporter-output>
        </test-method> <!-- test4 -->
      </class> <!-- testcases.CreditCardTest -->
      <class name="testcases.HomeLoanTest">
        <test-method signature="test2()[pri:0, instance:testcases.HomeLoanTest@5082d622]" started-at="2023-04-16T04:17:55Z" name="test2" finished-at="2023-04-16T04:17:55Z" duration-ms="5" status="PASS">
          <reporter-output>
          </reporter-output>
        </test-method> <!-- test2 -->
      </class> <!-- testcases.HomeLoanTest -->
    </test> <!-- Test -->
  </suite> <!-- Sanity -->
</testng-results>
